<?xml version="1.0" encoding="UTF-8"?>
<!-- Generated by org.testng.reporters.JUnitReportReporter -->
<testsuite hostname="ower-PC" name="com.jiff.firstuser.exp.test.NewUserWelcomePageTest" tests="2" failures="0" timestamp="8 May 2014 22:26:50 GMT" time="59.846" errors="0">
  <testcase name="getRegistrationPageTest" time="11.002" classname="com.jiff.firstuser.exp.test.NewUserWelcomePageTest"/>
  <testcase name="newUserRegistrationTest" time="48.844" classname="com.jiff.firstuser.exp.test.NewUserWelcomePageTest"/>
</testsuite> <!-- com.jiff.firstuser.exp.test.NewUserWelcomePageTest -->
