<?xml version="1.0" encoding="UTF-8"?>
<!-- Generated by org.testng.reporters.JUnitReportReporter -->
<testsuite hostname="ower-PC" name="com.jiff.homepage.test.BeActiveTest" tests="4" failures="0" timestamp="21 May 2014 05:27:05 GMT" time="59.025" errors="0">
  <testcase name="beActiveViewGraphTest" time="17.450" classname="com.jiff.homepage.test.BeActiveTest"/>
  <testcase name="beActiveSyncTest" time="6.825" classname="com.jiff.homepage.test.BeActiveTest"/>
  <testcase name="activeIncentivePayoutTest" time="13.543" classname="com.jiff.homepage.test.BeActiveTest"/>
  <testcase name="resetGoalsTest" time="21.207" classname="com.jiff.homepage.test.BeActiveTest"/>
</testsuite> <!-- com.jiff.homepage.test.BeActiveTest -->
