<?xml version="1.0" encoding="UTF-8"?>
<!-- Generated by org.testng.reporters.JUnitReportReporter -->
<testsuite hostname="ower-PC" name="com.jiff.firstuser.exp.test.NewUserNoSpouseTest" tests="1" failures="0" timestamp="14 May 2014 19:51:12 GMT" time="309.687" errors="0">
  <testcase name="newUserwithNoSpouseTest" time="309.687" classname="com.jiff.firstuser.exp.test.NewUserNoSpouseTest"/>
</testsuite> <!-- com.jiff.firstuser.exp.test.NewUserNoSpouseTest -->
