<?xml version="1.0" encoding="UTF-8"?>
<!-- Generated by org.testng.reporters.JUnitReportReporter -->
<testsuite hostname="ower-PC" name="com.bayapm.jiff.test.TestOne" tests="1" failures="0" timestamp="7 May 2014 21:26:23 GMT" time="36.747" errors="0">
  <testcase name="resetGoalsTest" time="36.747" classname="com.bayapm.jiff.test.TestOne"/>
</testsuite> <!-- com.bayapm.jiff.test.TestOne -->
