<?xml version="1.0" encoding="UTF-8"?>
<!-- Generated by org.testng.reporters.JUnitReportReporter -->
<testsuite hostname="ower-PC" name="com.jiff.firstuser.exp.test.NewUserExperienceTest" tests="1" failures="0" timestamp="21 May 2014 04:45:04 GMT" time="211.800" errors="0">
  <testcase name="newUserwithNoSpouseTest" time="211.800" classname="com.jiff.firstuser.exp.test.NewUserExperienceTest"/>
</testsuite> <!-- com.jiff.firstuser.exp.test.NewUserExperienceTest -->
