<?xml version="1.0" encoding="UTF-8"?>
<!-- Generated by org.testng.reporters.JUnitReportReporter -->
<testsuite hostname="ower-PC" name="com.jiff.homepage.test.FoodTrackTest" tests="2" failures="0" timestamp="20 May 2014 21:11:16 GMT" time="24.277" errors="0">
  <testcase name="trackFoodSyncTest" time="6.873" classname="com.jiff.homepage.test.FoodTrackTest"/>
  <testcase name="trackFoodViewGraphTest" time="17.404" classname="com.jiff.homepage.test.FoodTrackTest"/>
</testsuite> <!-- com.jiff.homepage.test.FoodTrackTest -->
