<?xml version="1.0" encoding="UTF-8"?>
<!-- Generated by org.testng.reporters.JUnitReportReporter -->
<testsuite hostname="ower-PC" name="com.bayapm.jiff.test.FoodTrackTest" tests="1" failures="0" timestamp="7 May 2014 22:28:36 GMT" time="25.988" errors="0">
  <testcase name="foodTrackTest" time="25.988" classname="com.bayapm.jiff.test.FoodTrackTest"/>
</testsuite> <!-- com.bayapm.jiff.test.FoodTrackTest -->
