<?xml version="1.0" encoding="UTF-8"?>
<!-- Generated by org.testng.reporters.JUnitReportReporter -->
<testsuite hostname="ower-PC" name="com.jiff.settingspage.test.SettingsPageTest" tests="2" failures="0" timestamp="20 May 2014 19:43:08 GMT" time="52.887" errors="0">
  <testcase name="settingsPageUpdatePasswordTest" time="20.985" classname="com.jiff.settingspage.test.SettingsPageTest"/>
  <testcase name="settingsPageUpdateNameTest" time="31.902" classname="com.jiff.settingspage.test.SettingsPageTest"/>
</testsuite> <!-- com.jiff.settingspage.test.SettingsPageTest -->
