<?xml version="1.0" encoding="UTF-8"?>
<!-- Generated by org.testng.reporters.JUnitReportReporter -->
<testsuite hostname="ower-PC" name="com.jiff.homepage.test.EmployeeAndSpouseInfoComparisionTest" tests="1" failures="0" timestamp="18 May 2014 17:11:07 GMT" time="27.720" errors="0">
  <testcase name="employeeAndSpouswInfoComparisionTest" time="27.720" classname="com.jiff.homepage.test.EmployeeAndSpouseInfoComparisionTest"/>
</testsuite> <!-- com.jiff.homepage.test.EmployeeAndSpouseInfoComparisionTest -->
